This is XeTeX, Version 3.14159265-2.6-0.999992 (MiKTeX 2.9.7440 64-bit) (preloaded format=xelatex 2021.5.19)  5 OCT 2021 18:45
entering extended mode
**./Beispielposter.tex
(Beispielposter.tex
LaTeX2e <2020-02-02> patch level 5
L3 programming layer <2020-05-15>
(C:\Users\TimDa\AppData\Roaming\MiKTeX\2.9\tex/latex/tikzposter\tikzposter.cls
Document Class: tikzposter 2014/01/15 v2.0 LaTeX document class for Posters
(E:\Programme\MikTex\tex/latex/xkeyval\xkeyval.sty
Package: xkeyval 2014/12/03 v2.7a package option processing (HA)

(E:\Programme\MikTex\tex/generic/xkeyval\xkeyval.tex
(E:\Programme\MikTex\tex/generic/xkeyval\xkvutils.tex
\XKV@toks=\toks15
\XKV@tempa@toks=\toks16

(E:\Programme\MikTex\tex/generic/xkeyval\keyval.tex))
\XKV@depth=\count163
File: xkeyval.tex 2014/12/03 v2.7a key=value parser (HA)
))
(E:\Programme\MikTex\tex/latex/tools\calc.sty
Package: calc 2017/05/25 v4.3 Infix arithmetic (KKT,FJ)
\calc@Acount=\count164
\calc@Bcount=\count165
\calc@Adimen=\dimen134
\calc@Bdimen=\dimen135
\calc@Askip=\skip47
\calc@Bskip=\skip48
LaTeX Info: Redefining \setlength on input line 80.
LaTeX Info: Redefining \addtolength on input line 81.
\calc@Ccount=\count166
\calc@Cskip=\skip49
)
(E:\Programme\MikTex\tex/latex/base\ifthen.sty
Package: ifthen 2014/09/29 v1.1c Standard LaTeX ifthen package (DPC)
)
(C:\Users\TimDa\AppData\Roaming\MiKTeX\2.9\tex/latex/ae\ae.sty
Package: ae 2001/02/12 1.3 Almost European Computer Modern

(E:\Programme\MikTex\tex/latex/base\fontenc.sty
Package: fontenc 2020/02/11 v2.0o Standard LaTeX package
LaTeX Font Info:    Trying to load font information for T1+lmr on input line 11
2.

(E:\Programme\MikTex\tex/latex/lm\t1lmr.fd
File: t1lmr.fd 2009/10/30 v1.6 Font defs for Latin Modern
)))
(C:\Users\TimDa\AppData\Roaming\MiKTeX\2.9\tex/latex/xstring\xstring.sty
(C:\Users\TimDa\AppData\Roaming\MiKTeX\2.9\tex/generic/xstring\xstring.tex
\integerpart=\count167
\decimalpart=\count168
)
Package: xstring 2021/07/21 v1.84 String manipulations (CT)
)
(E:\Programme\MikTex\tex/latex/etoolbox\etoolbox.sty
Package: etoolbox 2019/09/21 v2.5h e-TeX tools for LaTeX (JAW)
\etb@tempcnta=\count169
)
(E:\Programme\MikTex\tex/latex/pgf/frontendlayer\tikz.sty
(E:\Programme\MikTex\tex/latex/pgf/basiclayer\pgf.sty
(E:\Programme\MikTex\tex/latex/pgf/utilities\pgfrcs.sty
(E:\Programme\MikTex\tex/generic/pgf/utilities\pgfutil-common.tex
\pgfutil@everybye=\toks17
\pgfutil@tempdima=\dimen136
\pgfutil@tempdimb=\dimen137

(E:\Programme\MikTex\tex/generic/pgf/utilities\pgfutil-common-lists.tex))
(E:\Programme\MikTex\tex/generic/pgf/utilities\pgfutil-latex.def
\pgfutil@abb=\box45

(E:\Programme\MikTex\tex/latex/ms\everyshi.sty
Package: everyshi 2001/05/15 v3.00 EveryShipout Package (MS)
))
(E:\Programme\MikTex\tex/generic/pgf/utilities\pgfrcs.code.tex
(E:\Programme\MikTex\tex/generic/pgf\pgf.revision.tex)
Package: pgfrcs 2020/01/08 v3.1.5b (3.1.5b)
))
Package: pgf 2020/01/08 v3.1.5b (3.1.5b)

(E:\Programme\MikTex\tex/latex/pgf/basiclayer\pgfcore.sty
(E:\Programme\MikTex\tex/latex/graphics\graphicx.sty
Package: graphicx 2019/11/30 v1.2a Enhanced LaTeX Graphics (DPC,SPQR)

(E:\Programme\MikTex\tex/latex/graphics\graphics.sty
Package: graphics 2019/11/30 v1.4a Standard LaTeX Graphics (DPC,SPQR)

(E:\Programme\MikTex\tex/latex/graphics\trig.sty
Package: trig 2016/01/03 v1.10 sin cos tan (DPC)
)
(E:\Programme\MikTex\tex/latex/graphics-cfg\graphics.cfg
File: graphics.cfg 2016/06/04 v1.11 sample graphics configuration
)
Package graphics Info: Driver file: xetex.def on input line 105.

(E:\Programme\MikTex\tex/latex/graphics-def\xetex.def
File: xetex.def 2017/06/24 v5.0h Graphics/color driver for xetex
))
\Gin@req@height=\dimen138
\Gin@req@width=\dimen139
)
(E:\Programme\MikTex\tex/latex/pgf/systemlayer\pgfsys.sty
(E:\Programme\MikTex\tex/generic/pgf/systemlayer\pgfsys.code.tex
Package: pgfsys 2020/01/08 v3.1.5b (3.1.5b)

(E:\Programme\MikTex\tex/generic/pgf/utilities\pgfkeys.code.tex
\pgfkeys@pathtoks=\toks18
\pgfkeys@temptoks=\toks19

(E:\Programme\MikTex\tex/generic/pgf/utilities\pgfkeysfiltered.code.tex
\pgfkeys@tmptoks=\toks20
))
\pgf@x=\dimen140
\pgf@y=\dimen141
\pgf@xa=\dimen142
\pgf@ya=\dimen143
\pgf@xb=\dimen144
\pgf@yb=\dimen145
\pgf@xc=\dimen146
\pgf@yc=\dimen147
\pgf@xd=\dimen148
\pgf@yd=\dimen149
\w@pgf@writea=\write3
\r@pgf@reada=\read2
\c@pgf@counta=\count170
\c@pgf@countb=\count171
\c@pgf@countc=\count172
\c@pgf@countd=\count173
\t@pgf@toka=\toks21
\t@pgf@tokb=\toks22
\t@pgf@tokc=\toks23
\pgf@sys@id@count=\count174

(E:\Programme\MikTex\tex/generic/pgf/systemlayer\pgf.cfg
File: pgf.cfg 2020/01/08 v3.1.5b (3.1.5b)
)
Driver file for pgf: pgfsys-xetex.def

(E:\Programme\MikTex\tex/generic/pgf/systemlayer\pgfsys-xetex.def
File: pgfsys-xetex.def 2020/01/08 v3.1.5b (3.1.5b)

(E:\Programme\MikTex\tex/generic/pgf/systemlayer\pgfsys-dvipdfmx.def
File: pgfsys-dvipdfmx.def 2020/01/08 v3.1.5b (3.1.5b)

(E:\Programme\MikTex\tex/generic/pgf/systemlayer\pgfsys-common-pdf.def
File: pgfsys-common-pdf.def 2020/01/08 v3.1.5b (3.1.5b)
)
\pgfsys@objnum=\count175
)))
(E:\Programme\MikTex\tex/generic/pgf/systemlayer\pgfsyssoftpath.code.tex
File: pgfsyssoftpath.code.tex 2020/01/08 v3.1.5b (3.1.5b)
\pgfsyssoftpath@smallbuffer@items=\count176
\pgfsyssoftpath@bigbuffer@items=\count177
)
(E:\Programme\MikTex\tex/generic/pgf/systemlayer\pgfsysprotocol.code.tex
File: pgfsysprotocol.code.tex 2020/01/08 v3.1.5b (3.1.5b)
))
(E:\Programme\MikTex\tex/latex/xcolor\xcolor.sty
Package: xcolor 2016/05/11 v2.12 LaTeX color extensions (UK)

(E:\Programme\MikTex\tex/latex/graphics-cfg\color.cfg
File: color.cfg 2016/01/02 v1.6 sample color configuration
)
Package xcolor Info: Driver file: xetex.def on input line 225.
Package xcolor Info: Model `cmy' substituted by `cmy0' on input line 1348.
Package xcolor Info: Model `RGB' extended on input line 1364.
Package xcolor Info: Model `HTML' substituted by `rgb' on input line 1366.
Package xcolor Info: Model `Hsb' substituted by `hsb' on input line 1367.
Package xcolor Info: Model `tHsb' substituted by `hsb' on input line 1368.
Package xcolor Info: Model `HSB' substituted by `hsb' on input line 1369.
Package xcolor Info: Model `Gray' substituted by `gray' on input line 1370.
Package xcolor Info: Model `wave' substituted by `hsb' on input line 1371.
)
(E:\Programme\MikTex\tex/generic/pgf/basiclayer\pgfcore.code.tex
Package: pgfcore 2020/01/08 v3.1.5b (3.1.5b)

(E:\Programme\MikTex\tex/generic/pgf/math\pgfmath.code.tex
(E:\Programme\MikTex\tex/generic/pgf/math\pgfmathcalc.code.tex
(E:\Programme\MikTex\tex/generic/pgf/math\pgfmathutil.code.tex)
(E:\Programme\MikTex\tex/generic/pgf/math\pgfmathparser.code.tex
\pgfmath@dimen=\dimen150
\pgfmath@count=\count178
\pgfmath@box=\box46
\pgfmath@toks=\toks24
\pgfmath@stack@operand=\toks25
\pgfmath@stack@operation=\toks26
)
(E:\Programme\MikTex\tex/generic/pgf/math\pgfmathfunctions.code.tex
(E:\Programme\MikTex\tex/generic/pgf/math\pgfmathfunctions.basic.code.tex)
(E:\Programme\MikTex\tex/generic/pgf/math\pgfmathfunctions.trigonometric.code.t
ex) (E:\Programme\MikTex\tex/generic/pgf/math\pgfmathfunctions.random.code.tex)
(E:\Programme\MikTex\tex/generic/pgf/math\pgfmathfunctions.comparison.code.tex)
(E:\Programme\MikTex\tex/generic/pgf/math\pgfmathfunctions.base.code.tex)
(E:\Programme\MikTex\tex/generic/pgf/math\pgfmathfunctions.round.code.tex)
(E:\Programme\MikTex\tex/generic/pgf/math\pgfmathfunctions.misc.code.tex)
(E:\Programme\MikTex\tex/generic/pgf/math\pgfmathfunctions.integerarithmetics.c
ode.tex))) (E:\Programme\MikTex\tex/generic/pgf/math\pgfmathfloat.code.tex
\c@pgfmathroundto@lastzeros=\count179
))
(E:\Programme\MikTex\tex/generic/pgf/math\pgfint.code.tex)
(E:\Programme\MikTex\tex/generic/pgf/basiclayer\pgfcorepoints.code.tex
File: pgfcorepoints.code.tex 2020/01/08 v3.1.5b (3.1.5b)
\pgf@picminx=\dimen151
\pgf@picmaxx=\dimen152
\pgf@picminy=\dimen153
\pgf@picmaxy=\dimen154
\pgf@pathminx=\dimen155
\pgf@pathmaxx=\dimen156
\pgf@pathminy=\dimen157
\pgf@pathmaxy=\dimen158
\pgf@xx=\dimen159
\pgf@xy=\dimen160
\pgf@yx=\dimen161
\pgf@yy=\dimen162
\pgf@zx=\dimen163
\pgf@zy=\dimen164
)
(E:\Programme\MikTex\tex/generic/pgf/basiclayer\pgfcorepathconstruct.code.tex
File: pgfcorepathconstruct.code.tex 2020/01/08 v3.1.5b (3.1.5b)
\pgf@path@lastx=\dimen165
\pgf@path@lasty=\dimen166
)
(E:\Programme\MikTex\tex/generic/pgf/basiclayer\pgfcorepathusage.code.tex
File: pgfcorepathusage.code.tex 2020/01/08 v3.1.5b (3.1.5b)
\pgf@shorten@end@additional=\dimen167
\pgf@shorten@start@additional=\dimen168
)
(E:\Programme\MikTex\tex/generic/pgf/basiclayer\pgfcorescopes.code.tex
File: pgfcorescopes.code.tex 2020/01/08 v3.1.5b (3.1.5b)
\pgfpic=\box47
\pgf@hbox=\box48
\pgf@layerbox@main=\box49
\pgf@picture@serial@count=\count180
)
(E:\Programme\MikTex\tex/generic/pgf/basiclayer\pgfcoregraphicstate.code.tex
File: pgfcoregraphicstate.code.tex 2020/01/08 v3.1.5b (3.1.5b)
\pgflinewidth=\dimen169
)
(E:\Programme\MikTex\tex/generic/pgf/basiclayer\pgfcoretransformations.code.tex
File: pgfcoretransformations.code.tex 2020/01/08 v3.1.5b (3.1.5b)
\pgf@pt@x=\dimen170
\pgf@pt@y=\dimen171
\pgf@pt@temp=\dimen172
) (E:\Programme\MikTex\tex/generic/pgf/basiclayer\pgfcorequick.code.tex
File: pgfcorequick.code.tex 2020/01/08 v3.1.5b (3.1.5b)
)
(E:\Programme\MikTex\tex/generic/pgf/basiclayer\pgfcoreobjects.code.tex
File: pgfcoreobjects.code.tex 2020/01/08 v3.1.5b (3.1.5b)
)
(E:\Programme\MikTex\tex/generic/pgf/basiclayer\pgfcorepathprocessing.code.tex
File: pgfcorepathprocessing.code.tex 2020/01/08 v3.1.5b (3.1.5b)
) (E:\Programme\MikTex\tex/generic/pgf/basiclayer\pgfcorearrows.code.tex
File: pgfcorearrows.code.tex 2020/01/08 v3.1.5b (3.1.5b)
\pgfarrowsep=\dimen173
)
(E:\Programme\MikTex\tex/generic/pgf/basiclayer\pgfcoreshade.code.tex
File: pgfcoreshade.code.tex 2020/01/08 v3.1.5b (3.1.5b)
\pgf@max=\dimen174
\pgf@sys@shading@range@num=\count181
\pgf@shadingcount=\count182
)
(E:\Programme\MikTex\tex/generic/pgf/basiclayer\pgfcoreimage.code.tex
File: pgfcoreimage.code.tex 2020/01/08 v3.1.5b (3.1.5b)

(E:\Programme\MikTex\tex/generic/pgf/basiclayer\pgfcoreexternal.code.tex
File: pgfcoreexternal.code.tex 2020/01/08 v3.1.5b (3.1.5b)
\pgfexternal@startupbox=\box50
))
(E:\Programme\MikTex\tex/generic/pgf/basiclayer\pgfcorelayers.code.tex
File: pgfcorelayers.code.tex 2020/01/08 v3.1.5b (3.1.5b)
)
(E:\Programme\MikTex\tex/generic/pgf/basiclayer\pgfcoretransparency.code.tex
File: pgfcoretransparency.code.tex 2020/01/08 v3.1.5b (3.1.5b)
)
(E:\Programme\MikTex\tex/generic/pgf/basiclayer\pgfcorepatterns.code.tex
File: pgfcorepatterns.code.tex 2020/01/08 v3.1.5b (3.1.5b)
)
(E:\Programme\MikTex\tex/generic/pgf/basiclayer\pgfcorerdf.code.tex
File: pgfcorerdf.code.tex 2020/01/08 v3.1.5b (3.1.5b)
)))
(E:\Programme\MikTex\tex/generic/pgf/modules\pgfmoduleshapes.code.tex
File: pgfmoduleshapes.code.tex 2020/01/08 v3.1.5b (3.1.5b)
\pgfnodeparttextbox=\box51
)
(E:\Programme\MikTex\tex/generic/pgf/modules\pgfmoduleplot.code.tex
File: pgfmoduleplot.code.tex 2020/01/08 v3.1.5b (3.1.5b)
)
(E:\Programme\MikTex\tex/latex/pgf/compatibility\pgfcomp-version-0-65.sty
Package: pgfcomp-version-0-65 2020/01/08 v3.1.5b (3.1.5b)
\pgf@nodesepstart=\dimen175
\pgf@nodesepend=\dimen176
)
(E:\Programme\MikTex\tex/latex/pgf/compatibility\pgfcomp-version-1-18.sty
Package: pgfcomp-version-1-18 2020/01/08 v3.1.5b (3.1.5b)
))
(E:\Programme\MikTex\tex/latex/pgf/utilities\pgffor.sty
(E:\Programme\MikTex\tex/latex/pgf/utilities\pgfkeys.sty
(E:\Programme\MikTex\tex/generic/pgf/utilities\pgfkeys.code.tex))
(E:\Programme\MikTex\tex/latex/pgf/math\pgfmath.sty
(E:\Programme\MikTex\tex/generic/pgf/math\pgfmath.code.tex))
(E:\Programme\MikTex\tex/generic/pgf/utilities\pgffor.code.tex
Package: pgffor 2020/01/08 v3.1.5b (3.1.5b)

(E:\Programme\MikTex\tex/generic/pgf/math\pgfmath.code.tex)
\pgffor@iter=\dimen177
\pgffor@skip=\dimen178
\pgffor@stack=\toks27
\pgffor@toks=\toks28
))
(E:\Programme\MikTex\tex/generic/pgf/frontendlayer/tikz\tikz.code.tex
Package: tikz 2020/01/08 v3.1.5b (3.1.5b)

(E:\Programme\MikTex\tex/generic/pgf/libraries\pgflibraryplothandlers.code.tex
File: pgflibraryplothandlers.code.tex 2020/01/08 v3.1.5b (3.1.5b)
\pgf@plot@mark@count=\count183
\pgfplotmarksize=\dimen179
)
\tikz@lastx=\dimen180
\tikz@lasty=\dimen181
\tikz@lastxsaved=\dimen182
\tikz@lastysaved=\dimen183
\tikz@lastmovetox=\dimen184
\tikz@lastmovetoy=\dimen185
\tikzleveldistance=\dimen186
\tikzsiblingdistance=\dimen187
\tikz@figbox=\box52
\tikz@figbox@bg=\box53
\tikz@tempbox=\box54
\tikz@tempbox@bg=\box55
\tikztreelevel=\count184
\tikznumberofchildren=\count185
\tikznumberofcurrentchild=\count186
\tikz@fig@count=\count187
(E:\Programme\MikTex\tex/generic/pgf/modules\pgfmodulematrix.code.tex
File: pgfmodulematrix.code.tex 2020/01/08 v3.1.5b (3.1.5b)
\pgfmatrixcurrentrow=\count188
\pgfmatrixcurrentcolumn=\count189
\pgf@matrix@numberofcolumns=\count190
)
\tikz@expandcount=\count191

(E:\Programme\MikTex\tex/generic/pgf/frontendlayer/tikz/libraries\tikzlibraryto
paths.code.tex
File: tikzlibrarytopaths.code.tex 2020/01/08 v3.1.5b (3.1.5b)
)))
(E:\Programme\MikTex\tex/generic/pgf/frontendlayer/tikz/libraries\tikzlibrarysh
apes.code.tex
File: tikzlibraryshapes.code.tex 2020/01/08 v3.1.5b (3.1.5b)

(E:\Programme\MikTex\tex/generic/pgf/frontendlayer/tikz/libraries\tikzlibrarysh
apes.geometric.code.tex
File: tikzlibraryshapes.geometric.code.tex 2020/01/08 v3.1.5b (3.1.5b)

(E:\Programme\MikTex\tex/generic/pgf/libraries/shapes\pgflibraryshapes.geometri
c.code.tex
File: pgflibraryshapes.geometric.code.tex 2020/01/08 v3.1.5b (3.1.5b)
))
(E:\Programme\MikTex\tex/generic/pgf/frontendlayer/tikz/libraries\tikzlibrarysh
apes.misc.code.tex
File: tikzlibraryshapes.misc.code.tex 2020/01/08 v3.1.5b (3.1.5b)

(E:\Programme\MikTex\tex/generic/pgf/libraries/shapes\pgflibraryshapes.misc.cod
e.tex
File: pgflibraryshapes.misc.code.tex 2020/01/08 v3.1.5b (3.1.5b)
))
(E:\Programme\MikTex\tex/generic/pgf/frontendlayer/tikz/libraries\tikzlibrarysh
apes.symbols.code.tex
File: tikzlibraryshapes.symbols.code.tex 2020/01/08 v3.1.5b (3.1.5b)

(E:\Programme\MikTex\tex/generic/pgf/libraries/shapes\pgflibraryshapes.symbols.
code.tex
File: pgflibraryshapes.symbols.code.tex 2020/01/08 v3.1.5b (3.1.5b)
))
(E:\Programme\MikTex\tex/generic/pgf/frontendlayer/tikz/libraries\tikzlibrarysh
apes.arrows.code.tex
File: tikzlibraryshapes.arrows.code.tex 2020/01/08 v3.1.5b (3.1.5b)

(E:\Programme\MikTex\tex/generic/pgf/libraries/shapes\pgflibraryshapes.arrows.c
ode.tex
File: pgflibraryshapes.arrows.code.tex 2020/01/08 v3.1.5b (3.1.5b)
))
(E:\Programme\MikTex\tex/generic/pgf/frontendlayer/tikz/libraries\tikzlibrarysh
apes.callouts.code.tex
(E:\Programme\MikTex\tex/generic/pgf/libraries/shapes\pgflibraryshapes.callouts
.code.tex))
(E:\Programme\MikTex\tex/generic/pgf/frontendlayer/tikz/libraries\tikzlibrarysh
apes.multipart.code.tex
File: tikzlibraryshapes.multipart.code.tex 2020/01/08 v3.1.5b (3.1.5b)

(E:\Programme\MikTex\tex/generic/pgf/libraries/shapes\pgflibraryshapes.multipar
t.code.tex
File: pgflibraryshapes.multipart.code.tex 2020/01/08 v3.1.5b (3.1.5b)
\pgfnodepartlowerbox=\box56
\pgfnodeparttwobox=\box57
\pgfnodepartthreebox=\box58
\pgfnodepartfourbox=\box59
\pgfnodeparttwentybox=\box60
\pgfnodepartnineteenbox=\box61
\pgfnodeparteighteenbox=\box62
\pgfnodepartseventeenbox=\box63
\pgfnodepartsixteenbox=\box64
\pgfnodepartfifteenbox=\box65
\pgfnodepartfourteenbox=\box66
\pgfnodepartthirteenbox=\box67
\pgfnodeparttwelvebox=\box68
\pgfnodepartelevenbox=\box69
\pgfnodeparttenbox=\box70
\pgfnodepartninebox=\box71
\pgfnodeparteightbox=\box72
\pgfnodepartsevenbox=\box73
\pgfnodepartsixbox=\box74
\pgfnodepartfivebox=\box75
)))
(E:\Programme\MikTex\tex/generic/pgf/frontendlayer/tikz/libraries\tikzlibraryde
corations.code.tex
(E:\Programme\MikTex\tex/generic/pgf/modules\pgfmoduledecorations.code.tex
\pgfdecoratedcompleteddistance=\dimen188
\pgfdecoratedremainingdistance=\dimen189
\pgfdecoratedinputsegmentcompleteddistance=\dimen190
\pgfdecoratedinputsegmentremainingdistance=\dimen191
\pgf@decorate@distancetomove=\dimen192
\pgf@decorate@repeatstate=\count192
\pgfdecorationsegmentamplitude=\dimen193
\pgfdecorationsegmentlength=\dimen194
)
\tikz@lib@dec@box=\box76
)
(E:\Programme\MikTex\tex/generic/pgf/frontendlayer/tikz/libraries\tikzlibrarysh
adows.code.tex
File: tikzlibraryshadows.code.tex 2020/01/08 v3.1.5b (3.1.5b)

(E:\Programme\MikTex\tex/generic/pgf/frontendlayer/tikz/libraries\tikzlibraryfa
dings.code.tex
File: tikzlibraryfadings.code.tex 2020/01/08 v3.1.5b (3.1.5b)

(E:\Programme\MikTex\tex/generic/pgf/libraries\pgflibraryfadings.code.tex
File: pgflibraryfadings.code.tex 2020/01/08 v3.1.5b (3.1.5b)
)))
(E:\Programme\MikTex\tex/generic/pgf/frontendlayer/tikz/libraries\tikzlibraryba
ckgrounds.code.tex
File: tikzlibrarybackgrounds.code.tex 2020/01/08 v3.1.5b (3.1.5b)
\pgf@layerbox@background=\box77
\pgf@layerboxsaved@background=\box78
)
(E:\Programme\MikTex\tex/generic/pgf/frontendlayer/tikz/libraries\tikzlibraryca
lc.code.tex
File: tikzlibrarycalc.code.tex 2020/01/08 v3.1.5b (3.1.5b)
)
(E:\Programme\MikTex\tex/generic/pgf/frontendlayer/tikz/libraries\tikzlibraryfi
t.code.tex
File: tikzlibraryfit.code.tex 2020/01/08 v3.1.5b (3.1.5b)
)
(E:\Programme\MikTex\tex/generic/pgf/frontendlayer/tikz/libraries\tikzlibraryde
corations.pathmorphing.code.tex
(E:\Programme\MikTex\tex/generic/pgf/libraries/decorations\pgflibrarydecoration
s.pathmorphing.code.tex))
(E:\Programme\MikTex\tex/generic/pgf/libraries\pgflibraryarrows.code.tex
File: pgflibraryarrows.code.tex 2020/01/08 v3.1.5b (3.1.5b)
\arrowsize=\dimen195
)
\TP@innermargin=\dimen196
\TP@visibletextwidth=\dimen197
\TP@visibletextheight=\dimen198
\TP@titlewidth=\dimen199
\titlewidth=\dimen256
\TP@titlelinewidth=\dimen257
\titlelinewidth=\dimen258
\titleinnersep=\dimen259
\TP@titleinnersep=\dimen260
\TP@titletotopverticalspace=\dimen261
\titletotopverticalspace=\dimen262
\TP@titletoblockverticalspace=\dimen263
\TP@titleheight=\dimen264
\titleheight=\dimen265
\titlegraphicheight=\dimen266
\titleposleft=\dimen267
\titleposright=\dimen268
\titlepostop=\dimen269
\titleposbottom=\dimen270
\TP@titlegraphictotitledistance=\dimen271
\TP@colspace=\dimen272
\TP@coltop=\dimen273
\TP@colbottom=\dimen274
\TP@colcenter=\dimen275
\colwidth=\dimen276
\TP@subcolspace=\dimen277
\TP@subcoltop=\dimen278
\TP@subcolbottom=\dimen279
\TP@subcolcenter=\dimen280
\subcolwidth=\dimen281
\TP@blockverticalspace=\dimen282
\TP@blockcenter=\dimen283
\TP@blocktitleinnersep=\dimen284
\blocktitleinnersep=\dimen285
\TP@blockbodyinnersep=\dimen286
\blockbodyinnersep=\dimen287
\TP@blocktitlebox=\box79
\TP@blockbodybox=\box80
\TP@blocktitlewidth=\dimen288
\TP@blockbodywidth=\dimen289
\TP@blockbodyheight=\dimen290
\TP@blocktitleheight=\dimen291
\TP@blocktop=\dimen292
\TP@blocktitleoffsetx=\dimen293
\TP@blocktitleoffsety=\dimen294
\TP@blockbodyoffsetx=\dimen295
\TP@blockbodyoffsety=\dimen296
\TP@blockbodyverticalshift=\dimen297
\blocklinewidth=\dimen298
\TP@innerblockcenter=\dimen299
\TP@innerblocktitleinnersep=\dimen300
\innerblocktitleinnersep=\dimen301
\TP@innerblockbodyinnersep=\dimen302
\innerblockbodyinnersep=\dimen303
\TP@innerblocktitlebox=\box81
\TP@innerblockbodybox=\box82
\TP@innerblocktitlewidth=\dimen304
\TP@innerblockbodywidth=\dimen305
\TP@innerblockbodyheight=\dimen306
\TP@innerblocktitleheight=\dimen307
\TP@innerblocktitleoffsetx=\dimen308
\TP@innerblocktitleoffsety=\dimen309
\TP@innerblockbodyoffsetx=\dimen310
\TP@innerblockbodyoffsety=\dimen311
\TP@innerblockbodyverticalshift=\dimen312
\innerblocklinewidth=\dimen313
\TP@coloredbox=\box83
\TP@coloredboxwidth=\dimen314
\TP@coloredboxlinewidth=\dimen315
\TP@coloredboxinnersep=\dimen316
\TP@coloredboxheight=\dimen317
\TP@noteinnersep=\dimen318
\noteinnersep=\dimen319
\TP@notetargetoffsetx=\dimen320
\TP@notetargetoffsety=\dimen321
\TP@noteradius=\dimen322
\TP@notewidth=\dimen323
\TP@noteheight=\dimen324
\TP@notebox=\box84
\notelinewidth=\dimen325

(C:\Users\TimDa\AppData\Roaming\MiKTeX\2.9\tex/latex/extsizes\extarticle.cls
Document Class: extarticle 1996/10/08 v1.0 Non Standard LaTeX document class
(E:\Programme\MikTex\tex/latex/base\size10.clo
File: size10.clo 2019/12/20 v1.4l Standard LaTeX file (size option)
)
(E:\Programme\MikTex\tex/latex/base\exscale.sty
Package: exscale 2018/09/24 v2.1i Standard LaTeX package exscale
LaTeX Font Info:    Redeclaring symbol font `largesymbols' on input line 57.
LaTeX Font Info:    Overwriting symbol font `largesymbols' in version `normal'
(Font)                  OMX/cmex/m/n --> OMX/cmex/m/n on input line 57.
LaTeX Font Info:    Overwriting symbol font `largesymbols' in version `bold'
(Font)                  OMX/cmex/m/n --> OMX/cmex/m/n on input line 57.
\big@size=\dimen326
)
\c@part=\count193
\c@section=\count194
\c@subsection=\count195
\c@subsubsection=\count196
\c@paragraph=\count197
\c@subparagraph=\count198
\c@figure=\count199
\c@table=\count266
\abovecaptionskip=\skip50
\belowcaptionskip=\skip51
\bibindent=\dimen327
)
(C:\Users\TimDa\AppData\Roaming\MiKTeX\2.9\tex/latex/geometry\geometry.sty
Package: geometry 2020/01/02 v5.9 Page Geometry

(E:\Programme\MikTex\tex/generic/iftex\ifvtex.sty
Package: ifvtex 2019/10/25 v1.7 ifvtex legacy package. Use iftex instead.

(E:\Programme\MikTex\tex/generic/iftex\iftex.sty
Package: iftex 2020/03/06 v1.0d TeX engine tests
))
\Gm@cnth=\count267
\Gm@cntv=\count268
\c@Gm@tempcnt=\count269
\Gm@bindingoffset=\dimen328
\Gm@wd@mp=\dimen329
\Gm@odd@mp=\dimen330
\Gm@even@mp=\dimen331
\Gm@layoutwidth=\dimen332
\Gm@layoutheight=\dimen333
\Gm@layouthoffset=\dimen334
\Gm@layoutvoffset=\dimen335
\Gm@dimlist=\toks29

(E:\Programme\MikTex\tex/xelatex/xetexconfig\geometry.cfg))
(C:\Users\TimDa\AppData\Roaming\MiKTeX\2.9\tex/latex/a0poster\a0size.sty
File: a0size.sty 2004/01/31 v1.22b a0poster class (GK, MW)
LaTeX Font Info:    Redeclaring symbol font `largesymbols' on input line 229.
LaTeX Font Info:    Overwriting symbol font `largesymbols' in version `normal'
(Font)                  OMX/cmex/m/n --> OMX/cmex/m/n on input line 229.
LaTeX Font Info:    Overwriting symbol font `largesymbols' in version `bold'
(Font)                  OMX/cmex/m/n --> OMX/cmex/m/n on input line 229.
\big@size=\dimen336
)
\pgf@layerbox@backgroundlayer=\box85
\pgf@layerboxsaved@backgroundlayer=\box86
\pgf@layerbox@notelayer=\box87
\pgf@layerboxsaved@notelayer=\box88

(C:\Users\TimDa\AppData\Roaming\MiKTeX\2.9\tex/latex/tikzposter\tikzposterColor
palettes.tex)
(C:\Users\TimDa\AppData\Roaming\MiKTeX\2.9\tex/latex/tikzposter\tikzposterColor
styles.tex)
(C:\Users\TimDa\AppData\Roaming\MiKTeX\2.9\tex/latex/tikzposter\tikzposterBackg
roundstyles.tex)
(C:\Users\TimDa\AppData\Roaming\MiKTeX\2.9\tex/latex/tikzposter\tikzposterTitle
styles.tex)
(C:\Users\TimDa\AppData\Roaming\MiKTeX\2.9\tex/latex/tikzposter\tikzposterBlock
styles.tex)
(C:\Users\TimDa\AppData\Roaming\MiKTeX\2.9\tex/latex/tikzposter\tikzposterInner
blockstyles.tex)
(C:\Users\TimDa\AppData\Roaming\MiKTeX\2.9\tex/latex/tikzposter\tikzposterNotes
tyles.tex)
(C:\Users\TimDa\AppData\Roaming\MiKTeX\2.9\tex/latex/tikzposter\tikzposterLayou
tthemes.tex)
\c@figurecounter=\count270
) (E:\Programme\MikTex\tex/latex/blindtext\blindtext.sty
Package: blindtext 2012/01/06 V2.0 blindtext-Package

(E:\Programme\MikTex\tex/latex/tools\xspace.sty
Package: xspace 2014/10/28 v1.13 Space after command names (DPC,MH)
)
\c@blindtext=\count271
\c@Blindtext=\count272
\c@blind@countparstart=\count273
\blind@countxx=\count274
\blindtext@numBlindtext=\count275
\blind@countyy=\count276
\c@blindlist=\count277
\c@blindlistlevel=\count278
\c@blindlist@level=\count279
\blind@listitem=\count280
\c@blind@listcount=\count281
\c@blind@levelcount=\count282
\blind@mathformula=\count283
\blind@Mathformula=\count284
\c@blind@randomcount=\count285
\c@blind@randommax=\count286
\c@blind@pangramcount=\count287
\c@blind@pangrammax=\count288
)
(C:\Users\TimDa\AppData\Roaming\MiKTeX\2.9\tex/latex/comment\comment.sty
\CommentStream=\write4

Excluding comment 'comment')
(E:\Programme\MikTex\tex/latex/amsfonts\amssymb.sty
Package: amssymb 2013/01/14 v3.01 AMS font symbols

(E:\Programme\MikTex\tex/latex/amsfonts\amsfonts.sty
Package: amsfonts 2013/01/14 v3.01 Basic AMSFonts support
\@emptytoks=\toks30
\symAMSa=\mathgroup4
\symAMSb=\mathgroup5
LaTeX Font Info:    Redeclaring math symbol \hbar on input line 98.
LaTeX Font Info:    Overwriting math alphabet `\mathfrak' in version `bold'
(Font)                  U/euf/m/n --> U/euf/b/n on input line 106.
))
(E:\Programme\MikTex\tex/latex/amsmath\amsmath.sty
Package: amsmath 2020/01/20 v2.17e AMS math features
\@mathmargin=\skip52

For additional information on amsmath, use the `?' option.
(E:\Programme\MikTex\tex/latex/amsmath\amstext.sty
Package: amstext 2000/06/29 v2.01 AMS text

(E:\Programme\MikTex\tex/latex/amsmath\amsgen.sty
File: amsgen.sty 1999/11/30 v2.0 generic functions
\@emptytoks=\toks31
\ex@=\dimen337
))
(E:\Programme\MikTex\tex/latex/amsmath\amsbsy.sty
Package: amsbsy 1999/11/29 v1.2d Bold Symbols
\pmbraise@=\dimen338
)
(E:\Programme\MikTex\tex/latex/amsmath\amsopn.sty
Package: amsopn 2016/03/08 v2.02 operator names
)
\inf@bad=\count289
LaTeX Info: Redefining \frac on input line 227.
\uproot@=\count290
\leftroot@=\count291
LaTeX Info: Redefining \overline on input line 389.
\classnum@=\count292
\DOTSCASE@=\count293
LaTeX Info: Redefining \ldots on input line 486.
LaTeX Info: Redefining \dots on input line 489.
LaTeX Info: Redefining \cdots on input line 610.
\Mathstrutbox@=\box89
\strutbox@=\box90
\big@size=\dimen339
LaTeX Font Info:    Redeclaring font encoding OML on input line 733.
LaTeX Font Info:    Redeclaring font encoding OMS on input line 734.
\macc@depth=\count294
\c@MaxMatrixCols=\count295
\dotsspace@=\muskip16
\c@parentequation=\count296
\dspbrk@lvl=\count297
\tag@help=\toks32
\row@=\count298
\column@=\count299
\maxfields@=\count300
\andhelp@=\toks33
\eqnshift@=\dimen340
\alignsep@=\dimen341
\tagshift@=\dimen342
\tagwidth@=\dimen343
\totwidth@=\dimen344
\lineht@=\dimen345
\@envbody=\toks34
\multlinegap=\skip53
\multlinetaggap=\skip54
\mathdisplay@stack=\toks35
LaTeX Info: Redefining \[ on input line 2859.
LaTeX Info: Redefining \] on input line 2860.
)
(C:\Users\TimDa\AppData\Roaming\MiKTeX\2.9\tex/latex/enumitem\enumitem.sty
Package: enumitem 2019/06/20 v3.9 Customized lists
\enitkv@toks@=\toks36
\labelindent=\skip55
\enit@outerparindent=\dimen346
\enit@toks=\toks37
\enit@inbox=\box91
\enit@count@id=\count301
\enitdp@description=\count302
)
(E:\Programme\MikTex\tex/latex/l3backend\l3backend-xdvipdfmx.def
File: l3backend-xdvipdfmx.def 2020-05-05 L3 backend support: xdvipdfmx
\g__graphics_track_int=\count303
\l__pdf_internal_box=\box92
\g__pdf_backend_object_int=\count304
\g__pdf_backend_annotation_int=\count305
)
No file Beispielposter.aux.
\openout1 = `Beispielposter.aux'.

LaTeX Font Info:    Checking defaults for OML/cmm/m/it on input line 134.
LaTeX Font Info:    ... okay on input line 134.
LaTeX Font Info:    Checking defaults for OMS/cmsy/m/n on input line 134.
LaTeX Font Info:    ... okay on input line 134.
LaTeX Font Info:    Checking defaults for OT1/cmr/m/n on input line 134.
LaTeX Font Info:    ... okay on input line 134.
LaTeX Font Info:    Checking defaults for T1/cmr/m/n on input line 134.
LaTeX Font Info:    ... okay on input line 134.
LaTeX Font Info:    Checking defaults for TS1/cmr/m/n on input line 134.
LaTeX Font Info:    Trying to load font information for TS1+cmr on input line 1
34.
(E:\Programme\MikTex\tex/latex/base\ts1cmr.fd
File: ts1cmr.fd 2019/12/16 v2.5j Standard LaTeX font definitions
)
LaTeX Font Info:    ... okay on input line 134.
LaTeX Font Info:    Checking defaults for TU/lmr/m/n on input line 134.
LaTeX Font Info:    ... okay on input line 134.
LaTeX Font Info:    Checking defaults for OMX/cmex/m/n on input line 134.
LaTeX Font Info:    ... okay on input line 134.
LaTeX Font Info:    Checking defaults for U/cmr/m/n on input line 134.
LaTeX Font Info:    ... okay on input line 134.
LaTeX Font Info:    Trying to load font information for T1+aer on input line 13
4.

(C:\Users\TimDa\AppData\Roaming\MiKTeX\2.9\tex/latex/ae\t1aer.fd
File: t1aer.fd 1997/11/16 Font definitions for T1/aer.
)
ABD: EveryShipout initializing macros
*geometry* detected driver: pdftex
*geometry* verbose mode - [ preamble ] result:
* driver: pdftex
* paper: a0paper
* layout: <same size as paper>
* layoutoffset:(h,v)=(0.0pt,0.0pt)
* modes: 
* h-part:(L,W,R)=(0.0pt, 2392.87677pt, 0.0pt)
* v-part:(T,H,B)=(0.0pt, 3383.03267pt, 0.0pt)
* \paperwidth=2392.87677pt
* \paperheight=3383.03267pt
* \textwidth=2392.87677pt
* \textheight=3383.03267pt
* \oddsidemargin=-72.26999pt
* \evensidemargin=-72.26999pt
* \topmargin=-109.26999pt
* \headheight=12.0pt
* \headsep=25.0pt
* \topskip=10.0pt
* \footskip=30.0pt
* \marginparwidth=65.0pt
* \marginparsep=11.0pt
* \columnsep=10.0pt
* \skip\footins=9.0pt plus 4.0pt minus 2.0pt
* \hoffset=0.0pt
* \voffset=0.0pt
* \mag=1000
* \@twocolumnfalse
* \@twosidefalse
* \@mparswitchfalse
* \@reversemarginfalse
* (1in=72.27pt=25.4mm, 1cm=28.453pt)

LaTeX Font Info:    Trying to load font information for U+msa on input line 134
.
(E:\Programme\MikTex\tex/latex/amsfonts\umsa.fd
File: umsa.fd 2013/01/14 v3.01 AMS symbols A
)
LaTeX Font Info:    Trying to load font information for U+msb on input line 134
.

(E:\Programme\MikTex\tex/latex/amsfonts\umsb.fd
File: umsb.fd 2013/01/14 v3.01 AMS symbols B
)
Missing character: There is no 1 in font nullfont!
Missing character: There is no = in font nullfont!
Missing character: There is no 1 in font nullfont!
File: Logo.pdf Graphic file (type pdf)
<use Logo.pdf>
LaTeX Font Info:    Trying to load font information for TS1+aer on input line 1
62.
LaTeX Font Info:    No file TS1aer.fd. on input line 162.


LaTeX Font Warning: Font shape `TS1/aer/m/n' undefined
(Font)              using `TS1/cmr/m/n' instead
(Font)              for symbol `textbullet' on input line 162.


LaTeX Warning: File `../plots/printing-BIC-fit-rmse-trans.pdf' not found on inp
ut line 290.

! Unable to load picture or PDF file '../plots/printing-BIC-fit-rmse-trans.pdf'
.
<to be read again> 
                   }
l.290 }
       
The requested image couldn't be read because
it was not a recognized image format.

File: ../plots/printing-BIC-fit-rmse-trans.pdf Graphic file (type pdf)
<use ../plots/printing-BIC-fit-rmse-trans.pdf>
! Unable to load picture or PDF file '../plots/printing-BIC-fit-rmse-trans.pdf'
.
<to be read again> 
                   \egroup 
l.290 }
       
The requested image couldn't be read because
it was not a recognized image format.


LaTeX Warning: File `../plots/printing-BIC-choice-rmse-eval-trans.pdf' not foun
d on input line 290.

! Unable to load picture or PDF file '../plots/printing-BIC-choice-rmse-eval-tr
ans.pdf'.
<to be read again> 
                   }
l.290 }
       
The requested image couldn't be read because
it was not a recognized image format.

File: ../plots/printing-BIC-choice-rmse-eval-trans.pdf Graphic file (type pdf)
<use ../plots/printing-BIC-choice-rmse-eval-trans.pdf>
! Unable to load picture or PDF file '../plots/printing-BIC-choice-rmse-eval-tr
ans.pdf'.
<to be read again> 
                   \egroup 
l.290 }
       
The requested image couldn't be read because
it was not a recognized image format.


LaTeX Warning: File `../plots/printing-BIC-pop-size-trans.pdf' not found on inp
ut line 290.

! Unable to load picture or PDF file '../plots/printing-BIC-pop-size-trans.pdf'
.
<to be read again> 
                   }
l.290 }
       
The requested image couldn't be read because
it was not a recognized image format.

File: ../plots/printing-BIC-pop-size-trans.pdf Graphic file (type pdf)
<use ../plots/printing-BIC-pop-size-trans.pdf>
! Unable to load picture or PDF file '../plots/printing-BIC-pop-size-trans.pdf'
.
<to be read again> 
                   \egroup 
l.290 }
       
The requested image couldn't be read because
it was not a recognized image format.


LaTeX Warning: File `../plots/printing-BIC-unmatched-trans.pdf' not found on in
put line 290.

! Unable to load picture or PDF file '../plots/printing-BIC-unmatched-trans.pdf
'.
<to be read again> 
                   }
l.290 }
       
The requested image couldn't be read because
it was not a recognized image format.

File: ../plots/printing-BIC-unmatched-trans.pdf Graphic file (type pdf)
<use ../plots/printing-BIC-unmatched-trans.pdf>
! Unable to load picture or PDF file '../plots/printing-BIC-unmatched-trans.pdf
'.
<to be read again> 
                   \egroup 
l.290 }
       
The requested image couldn't be read because
it was not a recognized image format.


LaTeX Warning: Reference `fig:RMSEFitEval' on page 1 undefined on input line 31
5.


LaTeX Warning: Reference `fig:RMSEOptimum' on page 1 undefined on input line 31
5.

[1

] (Beispielposter.aux)

LaTeX Font Warning: Some font shapes were not available, defaults substituted.


LaTeX Warning: There were undefined references.


LaTeX Warning: Label(s) may have changed. Rerun to get cross-references right.

 ) 
Here is how much of TeX's memory you used:
 18460 strings out of 414083
 386805 string characters out of 2900060
 715201 words of memory out of 3000000
 35723 multiletter control sequences out of 15000+200000
 572881 words of font info for 81 fonts, out of 3000000 for 9000
 1348 hyphenation exceptions out of 8191
 68i,14n,87p,799b,899s stack positions out of 5000i,500n,10000p,200000b,50000s

Output written on Beispielposter.pdf (1 page).
